<?xml version="1.0" encoding="UTF-8"?>
<testng-results ignored="0" total="2" passed="2" failed="0" skipped="0">
  <reporter-output>
  </reporter-output>
  <suite started-at="2024-06-08T15:51:19 IST" name="Suite" finished-at="2024-06-08T15:51:30 IST" duration-ms="11029">
    <groups>
    </groups>
    <test started-at="2024-06-08T15:51:19 IST" name="Test" finished-at="2024-06-08T15:51:30 IST" duration-ms="11029">
      <class name="knowMaven.myPack.leafGroundUrl">
        <test-method is-config="true" signature="setUp()[pri:0, instance:knowMaven.myPack.leafGroundUrl@16d04d3d]" started-at="2024-06-08T15:51:19 IST" name="setUp" finished-at="2024-06-08T15:51:21 IST" duration-ms="1808" status="PASS">
          <reporter-output>
          </reporter-output>
        </test-method> <!-- setUp -->
        <test-method signature="leafGround()[pri:0, instance:knowMaven.myPack.leafGroundUrl@16d04d3d]" started-at="2024-06-08T15:51:21 IST" name="leafGround" finished-at="2024-06-08T15:51:25 IST" duration-ms="4562" status="PASS">
          <reporter-output>
          </reporter-output>
        </test-method> <!-- leafGround -->
        <test-method is-config="true" signature="tearDown()[pri:0, instance:knowMaven.myPack.leafGroundUrl@16d04d3d]" started-at="2024-06-08T15:51:25 IST" name="tearDown" finished-at="2024-06-08T15:51:25 IST" duration-ms="101" status="PASS">
          <reporter-output>
          </reporter-output>
        </test-method> <!-- tearDown -->
      </class> <!-- knowMaven.myPack.leafGroundUrl -->
      <class name="knowMaven.myPack.googleSearchPage">
        <test-method is-config="true" signature="setUp()[pri:0, instance:knowMaven.myPack.googleSearchPage@2a4fb17b]" started-at="2024-06-08T15:51:25 IST" name="setUp" finished-at="2024-06-08T15:51:26 IST" duration-ms="1123" status="PASS">
          <reporter-output>
          </reporter-output>
        </test-method> <!-- setUp -->
        <test-method signature="googleSearch()[pri:0, instance:knowMaven.myPack.googleSearchPage@2a4fb17b]" started-at="2024-06-08T15:51:26 IST" name="googleSearch" finished-at="2024-06-08T15:51:30 IST" duration-ms="3260" status="PASS">
          <reporter-output>
          </reporter-output>
        </test-method> <!-- googleSearch -->
        <test-method is-config="true" signature="tearDown()[pri:0, instance:knowMaven.myPack.googleSearchPage@2a4fb17b]" started-at="2024-06-08T15:51:30 IST" name="tearDown" finished-at="2024-06-08T15:51:30 IST" duration-ms="130" status="PASS">
          <reporter-output>
          </reporter-output>
        </test-method> <!-- tearDown -->
      </class> <!-- knowMaven.myPack.googleSearchPage -->
    </test> <!-- Test -->
  </suite> <!-- Suite -->
</testng-results>
