<?xml version="1.0" encoding="UTF-8"?>
<testng-results ignored="0" total="1" passed="1" failed="0" skipped="0">
  <reporter-output>
  </reporter-output>
  <suite started-at="2024-06-08T14:00:41 IST" name="Default suite" finished-at="2024-06-08T14:00:46 IST" duration-ms="5587">
    <groups>
    </groups>
    <test started-at="2024-06-08T14:00:41 IST" name="Default test" finished-at="2024-06-08T14:00:46 IST" duration-ms="5587">
      <class name="knowMaven.myPack.googleSearchPage">
        <test-method is-config="true" signature="setUp()[pri:0, instance:knowMaven.myPack.googleSearchPage@7d0b7e3c]" started-at="2024-06-08T14:00:41 IST" name="setUp" finished-at="2024-06-08T14:00:42 IST" duration-ms="1699" status="PASS">
          <reporter-output>
          </reporter-output>
        </test-method> <!-- setUp -->
        <test-method signature="googleSearch()[pri:0, instance:knowMaven.myPack.googleSearchPage@7d0b7e3c]" started-at="2024-06-08T14:00:42 IST" name="googleSearch" finished-at="2024-06-08T14:00:46 IST" duration-ms="3739" status="PASS">
          <reporter-output>
          </reporter-output>
        </test-method> <!-- googleSearch -->
        <test-method is-config="true" signature="tearDown()[pri:0, instance:knowMaven.myPack.googleSearchPage@7d0b7e3c]" started-at="2024-06-08T14:00:46 IST" name="tearDown" finished-at="2024-06-08T14:00:46 IST" duration-ms="93" status="PASS">
          <reporter-output>
          </reporter-output>
        </test-method> <!-- tearDown -->
      </class> <!-- knowMaven.myPack.googleSearchPage -->
    </test> <!-- Default test -->
  </suite> <!-- Default suite -->
</testng-results>
